<?xml version="1.0" encoding="UTF-8"?>
<robot generator="Robot 7.1.1 (Python 3.13.1 on win32)" generated="2024-12-04T14:43:30.921036" rpa="false" schemaversion="5">
<suite id="s1" name="Teste" source="C:\Users\angel\OneDrive\Área de Trabalho\case_automacao_toro\teste.robot">
<test id="s1-t1" name="Abrir navegador e acessar a plataforma da Toro" line="6">
<kw name="Open Browser" owner="SeleniumLibrary">
<msg time="2024-12-04T14:43:36.069333" level="INFO">Opening browser 'Chrome' to base url 'https://www.toroinvestimentos.com.br/'.</msg>
<msg time="2024-12-04T14:43:49.859614" level="WARN">Error sending stats to Plausible: error sending request for url (https://plausible.io/api/event)</msg>
<arg>url=https://www.toroinvestimentos.com.br/</arg>
<arg>browser=Chrome</arg>
<doc>Opens a new browser instance to the optional ``url``.</doc>
<status status="PASS" start="2024-12-04T14:43:36.067984" elapsed="56.406407"/>
</kw>
<status status="PASS" start="2024-12-04T14:43:36.059790" elapsed="56.426311"/>
</test>
<status status="PASS" start="2024-12-04T14:43:30.933877" elapsed="61.558413"/>
</suite>
<statistics>
<total>
<stat pass="1" fail="0" skip="0">All Tests</stat>
</total>
<tag>
</tag>
<suite>
<stat pass="1" fail="0" skip="0" id="s1" name="Teste">Teste</stat>
</suite>
</statistics>
<errors>
<msg time="2024-12-04T14:43:49.859614" level="WARN">Error sending stats to Plausible: error sending request for url (https://plausible.io/api/event)</msg>
</errors>
</robot>
